<?xml version="1.0" encoding="UTF-8"?>
<!-- Generated by org.testng.reporters.JUnitXMLReporter -->
<testsuite ignored="0" hostname="Zindagi" failures="0" tests="3" name="validate getUser call" time="1.901" errors="0" timestamp="2024-05-12T17:59:06 IST">
  <testcase classname="tests.GetUsersTest" name="getAllUsersTest" time="0.513"/>
  <testcase classname="tests.GetUsersTest" name="getUserWithQueryParamsTest" time="0.555"/>
  <testcase classname="tests.GetUsersTest" name="validatePostsSchema" time="0.629"/>
</testsuite> <!-- validate getUser call -->
