<?xml version="1.0" encoding="UTF-8"?>
<!-- Generated by org.testng.reporters.JUnitXMLReporter -->
<testsuite ignored="0" hostname="Zindagi" failures="0" tests="6" name="validate getComments call" time="9.777" errors="0" timestamp="2024-05-12T17:59:04 IST">
  <testcase classname="tests.GetPostsTest" name="getAllUsersTest" time="3.409"/>
  <testcase classname="tests.GetCommentsTest" name="getAllUsersTest" time="3.7"/>
  <testcase classname="tests.GetPostsTest" name="getUserWithQueryParamsTest" time="2.402"/>
  <testcase classname="tests.GetCommentsTest" name="getUserWithQueryParamsTest" time="2.249"/>
  <testcase classname="tests.GetPostsTest" name="validatePostsSchema" time="2.002"/>
  <testcase classname="tests.GetCommentsTest" name="validatePostsSchema" time="2.443"/>
</testsuite> <!-- validate getComments call -->
