<?xml version="1.0" encoding="UTF-8"?>
<testng-results ignored="0" total="9" passed="9" failed="0" skipped="0">
  <reporter-output>
  </reporter-output>
  <suite started-at="2024-05-12T17:58:55 IST" name="API Sanity Suite" finished-at="2024-05-12T17:59:06 IST" duration-ms="11803">
    <groups>
    </groups>
    <test started-at="2024-05-12T17:58:55 IST" name="validate getComments call" finished-at="2024-05-12T17:59:04 IST" duration-ms="9777">
      <class name="tests.GetCommentsTest">
        <test-method is-config="true" signature="setUp(java.lang.String)[pri:0, instance:tests.GetCommentsTest@1fb19a0]" started-at="2024-05-12T17:58:55 IST" name="setUp" finished-at="2024-05-12T17:58:55 IST" duration-ms="595" status="PASS">
          <params>
            <param index="0">
              <value>
                <![CDATA[https://jsonplaceholder.typicode.com]]>
              </value>
            </param>
          </params>
          <reporter-output>
          </reporter-output>
        </test-method> <!-- setUp -->
        <test-method is-config="true" signature="getUserSetup()[pri:0, instance:tests.GetCommentsTest@1fb19a0]" started-at="2024-05-12T17:58:55 IST" name="getUserSetup" finished-at="2024-05-12T17:58:55 IST" duration-ms="137" status="PASS">
          <reporter-output>
          </reporter-output>
        </test-method> <!-- getUserSetup -->
        <test-method signature="getAllUsersTest()[pri:0, instance:tests.GetCommentsTest@1fb19a0]" started-at="2024-05-12T17:58:55 IST" name="getAllUsersTest" finished-at="2024-05-12T17:58:59 IST" duration-ms="3700" status="PASS">
          <reporter-output>
          </reporter-output>
        </test-method> <!-- getAllUsersTest -->
        <test-method is-config="true" signature="getUserSetup()[pri:0, instance:tests.GetCommentsTest@1fb19a0]" started-at="2024-05-12T17:58:59 IST" name="getUserSetup" finished-at="2024-05-12T17:58:59 IST" duration-ms="1" status="PASS">
          <reporter-output>
          </reporter-output>
        </test-method> <!-- getUserSetup -->
        <test-method signature="getUserWithQueryParamsTest()[pri:0, instance:tests.GetCommentsTest@1fb19a0]" started-at="2024-05-12T17:58:59 IST" name="getUserWithQueryParamsTest" finished-at="2024-05-12T17:59:01 IST" duration-ms="2249" status="PASS">
          <reporter-output>
          </reporter-output>
        </test-method> <!-- getUserWithQueryParamsTest -->
        <test-method is-config="true" signature="getUserSetup()[pri:0, instance:tests.GetCommentsTest@1fb19a0]" started-at="2024-05-12T17:59:01 IST" name="getUserSetup" finished-at="2024-05-12T17:59:01 IST" duration-ms="2" status="PASS">
          <reporter-output>
          </reporter-output>
        </test-method> <!-- getUserSetup -->
        <test-method signature="validatePostsSchema()[pri:0, instance:tests.GetCommentsTest@1fb19a0]" started-at="2024-05-12T17:59:01 IST" name="validatePostsSchema" finished-at="2024-05-12T17:59:04 IST" duration-ms="2443" status="PASS">
          <reporter-output>
          </reporter-output>
        </test-method> <!-- validatePostsSchema -->
      </class> <!-- tests.GetCommentsTest -->
    </test> <!-- validate getComments call -->
    <test started-at="2024-05-12T17:58:55 IST" name="validate getPost call" finished-at="2024-05-12T17:59:03 IST" duration-ms="8843">
      <class name="tests.GetPostsTest">
        <test-method is-config="true" signature="setUp(java.lang.String)[pri:0, instance:tests.GetPostsTest@2931522b]" started-at="2024-05-12T17:58:55 IST" name="setUp" finished-at="2024-05-12T17:58:55 IST" duration-ms="595" status="PASS">
          <params>
            <param index="0">
              <value>
                <![CDATA[https://jsonplaceholder.typicode.com]]>
              </value>
            </param>
          </params>
          <reporter-output>
          </reporter-output>
        </test-method> <!-- setUp -->
        <test-method is-config="true" signature="getUserSetup()[pri:0, instance:tests.GetPostsTest@2931522b]" started-at="2024-05-12T17:58:55 IST" name="getUserSetup" finished-at="2024-05-12T17:58:55 IST" duration-ms="137" status="PASS">
          <reporter-output>
          </reporter-output>
        </test-method> <!-- getUserSetup -->
        <test-method signature="getAllUsersTest()[pri:0, instance:tests.GetPostsTest@2931522b]" started-at="2024-05-12T17:58:55 IST" name="getAllUsersTest" finished-at="2024-05-12T17:58:59 IST" duration-ms="3409" status="PASS">
          <reporter-output>
          </reporter-output>
        </test-method> <!-- getAllUsersTest -->
        <test-method is-config="true" signature="getUserSetup()[pri:0, instance:tests.GetPostsTest@2931522b]" started-at="2024-05-12T17:58:59 IST" name="getUserSetup" finished-at="2024-05-12T17:58:59 IST" duration-ms="1" status="PASS">
          <reporter-output>
          </reporter-output>
        </test-method> <!-- getUserSetup -->
        <test-method signature="getUserWithQueryParamsTest()[pri:0, instance:tests.GetPostsTest@2931522b]" started-at="2024-05-12T17:58:59 IST" name="getUserWithQueryParamsTest" finished-at="2024-05-12T17:59:01 IST" duration-ms="2402" status="PASS">
          <reporter-output>
          </reporter-output>
        </test-method> <!-- getUserWithQueryParamsTest -->
        <test-method is-config="true" signature="getUserSetup()[pri:0, instance:tests.GetPostsTest@2931522b]" started-at="2024-05-12T17:59:01 IST" name="getUserSetup" finished-at="2024-05-12T17:59:01 IST" duration-ms="1" status="PASS">
          <reporter-output>
          </reporter-output>
        </test-method> <!-- getUserSetup -->
        <test-method signature="validatePostsSchema()[pri:0, instance:tests.GetPostsTest@2931522b]" started-at="2024-05-12T17:59:01 IST" name="validatePostsSchema" finished-at="2024-05-12T17:59:03 IST" duration-ms="2002" status="PASS">
          <reporter-output>
          </reporter-output>
        </test-method> <!-- validatePostsSchema -->
      </class> <!-- tests.GetPostsTest -->
    </test> <!-- validate getPost call -->
    <test started-at="2024-05-12T17:59:04 IST" name="validate getUser call" finished-at="2024-05-12T17:59:06 IST" duration-ms="1901">
      <class name="tests.GetUsersTest">
        <test-method is-config="true" signature="setUp(java.lang.String)[pri:0, instance:tests.GetUsersTest@302f7971]" started-at="2024-05-12T17:59:05 IST" name="setUp" finished-at="2024-05-12T17:59:05 IST" duration-ms="1" status="PASS">
          <params>
            <param index="0">
              <value>
                <![CDATA[https://jsonplaceholder.typicode.com]]>
              </value>
            </param>
          </params>
          <reporter-output>
          </reporter-output>
        </test-method> <!-- setUp -->
        <test-method is-config="true" signature="getUserSetup()[pri:0, instance:tests.GetUsersTest@302f7971]" started-at="2024-05-12T17:59:05 IST" name="getUserSetup" finished-at="2024-05-12T17:59:05 IST" duration-ms="1" status="PASS">
          <reporter-output>
          </reporter-output>
        </test-method> <!-- getUserSetup -->
        <test-method signature="getAllUsersTest()[pri:0, instance:tests.GetUsersTest@302f7971]" started-at="2024-05-12T17:59:05 IST" name="getAllUsersTest" finished-at="2024-05-12T17:59:05 IST" duration-ms="513" status="PASS">
          <reporter-output>
          </reporter-output>
        </test-method> <!-- getAllUsersTest -->
        <test-method is-config="true" signature="getUserSetup()[pri:0, instance:tests.GetUsersTest@302f7971]" started-at="2024-05-12T17:59:05 IST" name="getUserSetup" finished-at="2024-05-12T17:59:05 IST" duration-ms="1" status="PASS">
          <reporter-output>
          </reporter-output>
        </test-method> <!-- getUserSetup -->
        <test-method signature="getUserWithQueryParamsTest()[pri:0, instance:tests.GetUsersTest@302f7971]" started-at="2024-05-12T17:59:05 IST" name="getUserWithQueryParamsTest" finished-at="2024-05-12T17:59:06 IST" duration-ms="555" status="PASS">
          <reporter-output>
          </reporter-output>
        </test-method> <!-- getUserWithQueryParamsTest -->
        <test-method is-config="true" signature="getUserSetup()[pri:0, instance:tests.GetUsersTest@302f7971]" started-at="2024-05-12T17:59:06 IST" name="getUserSetup" finished-at="2024-05-12T17:59:06 IST" duration-ms="2" status="PASS">
          <reporter-output>
          </reporter-output>
        </test-method> <!-- getUserSetup -->
        <test-method signature="validatePostsSchema()[pri:0, instance:tests.GetUsersTest@302f7971]" started-at="2024-05-12T17:59:06 IST" name="validatePostsSchema" finished-at="2024-05-12T17:59:06 IST" duration-ms="629" status="PASS">
          <reporter-output>
          </reporter-output>
        </test-method> <!-- validatePostsSchema -->
      </class> <!-- tests.GetUsersTest -->
    </test> <!-- validate getUser call -->
  </suite> <!-- API Sanity Suite -->
</testng-results>
