<?xml version="1.0" encoding="UTF-8"?>
<testsuite xmlns:xsi="http://www.w3.org/2001/XMLSchema-instance" xsi:noNamespaceSchemaLocation="https://maven.apache.org/surefire/maven-surefire-plugin/xsd/surefire-test-report.xsd" name="TestSuite" time="13.413" tests="9" errors="0" skipped="0" failures="0">
  <properties>
[...]
</properties>
  <testcase name="getAllUsersTest" classname="tests.GetPostsTest" time="3.447"/>
  <testcase name="getAllUsersTest" classname="tests.GetCommentsTest" time="0.816"/>
  <testcase name="getUserWithQueryParamsTest" classname="tests.GetPostsTest" time="1.599"/>
  <testcase name="getUserWithQueryParamsTest" classname="tests.GetCommentsTest" time="1.612"/>
  <testcase name="validatePostsSchema" classname="tests.GetPostsTest" time="3.286"/>
  <testcase name="validatePostsSchema" classname="tests.GetCommentsTest" time="3.287"/>
  <testcase name="getAllUsersTest" classname="tests.GetUsersTest" time="0.338"/>
  <testcase name="getUserWithQueryParamsTest" classname="tests.GetUsersTest" time="0.519"/>
  <testcase name="validatePostsSchema" classname="tests.GetUsersTest" time="0.717"/>
</testsuite>